Arguments: 
  C:\Program Files\nodejs\node.exe C:\Users\Insee\AppData\Roaming\npm\node_modules\yarn\bin\yarn.js add native-base --save

PATH: 
  C:\Windows\system32;C:\Windows;C:\Windows\System32\Wbem;C:\Windows\System32\WindowsPowerShell\v1.0\;C:\Windows\System32\OpenSSH\;C:\Program Files (x86)\NVIDIA Corporation\PhysX\Common;C:\Program Files\nodejs\;C:\Program Files\Git\cmd;C:\Program Files\Git\mingw64\bin;C:\Program Files\Git\usr\bin;C:\Users\Insee\AppData\Local\Microsoft\WindowsApps;C:\Users\Insee\AppData\Local\Programs\Microsoft VS Code\bin;C:\Users\Insee\AppData\Roaming\npm;C:\Users\Insee\AppData\Local\GitHubDesktop\bin;C:\seleniumWebdrivers;C:\Users\Insee\Desktop\platform-tools;

Yarn version: 
  1.22.10

Node version: 
  14.15.4

Platform: 
  win32 x64

Trace: 
  Error: EPERM: operation not permitted, unlink 'C:\Users\Insee\Desktop\forked-rn-casts\node_modules\@babel\plugin-external-helpers\lib'

npm manifest: 
  {
    "main": "node_modules/expo/AppEntry.js",
    "scripts": {
      "start": "expo start",
      "android": "expo start --android",
      "ios": "expo start --ios",
      "web": "expo start --web",
      "eject": "expo eject"
    },
    "dependencies": {
      "@react-native-community/masked-view": "0.1.10",
      "expo": "^40.0.0",
      "expo-barcode-scanner": "~9.1.0",
      "react": "16.13.1",
      "react-dom": "16.13.1",
      "react-native": "https://github.com/expo/react-native/archive/sdk-40.0.1.tar.gz",
      "react-native-animatable": "^1.3.3",
      "react-native-gesture-handler": "^1.8.0",
      "react-native-reanimated": "~1.13.0",
      "react-native-safe-area-context": "3.1.9",
      "react-native-screens": "~2.15.2",
      "react-navigation": "^4.1.0",
      "react-navigation-stack": "^2.0.16"
    },
    "devDependencies": {
      "babel-preset-expo": "8.3.0",
      "@babel/core": "~7.9.0"
    },
    "private": true
  }

yarn manifest: 
  No manifest

Lockfile: 
  No lockfile
